<?xml version="1.0" encoding="UTF-8"?>
<!-- Generated by org.testng.reporters.JUnitReportReporter -->
<testsuite skipped="0" hostname="Nacers-MacBook-Pro.local" name="testnavigate.TestNavigate" tests="1" failures="0" timestamp="29 Apr 2018 07:45:26 GMT" time="3.444" errors="0">
  <testcase name="testNavigate" time="3.444" classname="testnavigate.TestNavigate"/>
</testsuite> <!-- testnavigate.TestNavigate -->
