<?xml version="1.0" encoding="UTF-8"?>
<!-- Generated by org.testng.reporters.JUnitReportReporter -->
<testsuite skipped="0" hostname="Nacers-MacBook-Pro.local" name="testclickonelement.TestClickOnElement" tests="5" failures="0" timestamp="29 Apr 2018 07:45:26 GMT" time="21.024" errors="0">
  <testcase name="testKis" time="4.538" classname="testclickonelement.TestClickOnElement"/>
  <testcase name="testBoxing" time="4.427" classname="testclickonelement.TestClickOnElement"/>
  <testcase name="testSeries" time="3.174" classname="testclickonelement.TestClickOnElement"/>
  <testcase name="testMovies" time="4.516" classname="testclickonelement.TestClickOnElement"/>
  <testcase name="testSpecials" time="4.369" classname="testclickonelement.TestClickOnElement"/>
</testsuite> <!-- testclickonelement.TestClickOnElement -->
