<?xml version="1.0" encoding="UTF-8"?>
<!-- Generated by org.testng.reporters.JUnitReportReporter -->
<testsuite skipped="0" hostname="Nacers-MacBook-Pro.local" name="testfollowhbo.TestFollowHBO" tests="2" failures="0" timestamp="29 Apr 2018 07:45:26 GMT" time="10.810" errors="0">
  <testcase name="testTwitter" time="4.522" classname="testfollowhbo.TestFollowHBO"/>
  <testcase name="testFacebook" time="6.288" classname="testfollowhbo.TestFollowHBO"/>
</testsuite> <!-- testfollowhbo.TestFollowHBO -->
