<?xml version="1.0" encoding="UTF-8"?>
<!-- Generated by org.testng.reporters.JUnitReportReporter -->
<testsuite skipped="0" hostname="Nacers-MacBook-Pro.local" name="testsearch.TestSearch" tests="2" failures="0" timestamp="29 Apr 2018 07:45:26 GMT" time="11.928" errors="0">
  <testcase name="oneElement" time="5.576" classname="testsearch.TestSearch"/>
  <testcase name="manyElemets" time="6.352" classname="testsearch.TestSearch"/>
</testsuite> <!-- testsearch.TestSearch -->
