<?xml version="1.0" encoding="UTF-8"?>
<!-- Generated by org.testng.reporters.JUnitReportReporter -->
<testsuite skipped="0" hostname="Hoss-PC" name="testf.securitylogoutFacebookTest" tests="1" failures="0" timestamp="28 Apr 2018 23:51:44 GMT" time="11.107" errors="0">
  <testcase name="slotest" time="11.107" classname="testf.securitylogoutFacebookTest"/>
</testsuite> <!-- testf.securitylogoutFacebookTest -->
